<?xml version="1.0" encoding="UTF-8" ?>
<testsuites>
  <testsuite errors="0" failures="0" hostname="pallavi-PC" id="0" name="HelloWorldTest" package="com.test.qtest.qtest" skipped="0" tests="2" time="0.12" timestamp="2020-04-30T04:18:22">
      <properties>
[...]
</properties>

      <testcase classname="com.test.qtest.qtest.HelloWorldTest" name="testGetHelloMessageTrue" time="0.003" />

      <testcase classname="com.test.qtest.qtest.HelloWorldTest" name="testGetHelloMessageFalse" time="0.003" />

      <system-out><![CDATA[]]></system-out>

      <system-err><![CDATA[]]></system-err>

  </testsuite>
</testsuites>
